<?xml version="1.0" encoding="UTF-8"?>
<testng-results skipped="0" failed="0" ignored="0" total="1" passed="1">
  <reporter-output>
  </reporter-output>
  <suite name="Default suite" duration-ms="75283" started-at="2018-11-30T08:47:54Z" finished-at="2018-11-30T08:49:10Z">
    <groups>
    </groups>
    <test name="Default test" duration-ms="75283" started-at="2018-11-30T08:47:54Z" finished-at="2018-11-30T08:49:10Z">
      <class name="PDF_ReaderTest">
        <test-method status="PASS" signature="readPDFTest()[pri:0, instance:PDF_ReaderTest@26be92ad]" name="readPDFTest" duration-ms="75217" started-at="2018-11-30T08:47:54Z" finished-at="2018-11-30T08:49:10Z">
          <reporter-output>
          </reporter-output>
        </test-method> <!-- readPDFTest -->
      </class> <!-- PDF_ReaderTest -->
    </test> <!-- Default test -->
  </suite> <!-- Default suite -->
</testng-results>
